proguard.cfg
#-dontobfuscate
#-dontoptimize
#-dontshrink
-target 1.6
-optimizationpasses 5
-dontusemixedcaseclassnames
-dontskipnonpubliclibraryclasses
-dontpreverify
-verbose
-optimizations !code/simplification/arithmetic,!field/*,!class/merging/*

-keep public class * extends android.app.Activity
-keep public class * extends android.app.Application
-keep public class * extends android.app.Service
-keep public class * extends android.content.BroadcastReceiver
-keep public class * extends android.content.ContentProvider
-keep public class * extends android.app.backup.BackupAgentHelper
-keep public class * extends android.preference.Preference
-keep public class com.android.vending.licensing.ILicensingService

### IMPORTANTE!!! Signature serve per i Generics!!! (<Class> JDK 5 o +)
-keepattributes Exceptions,InnerClasses,Signature,
                SourceFile,LineNumberTable,*Annotation*,EnclosingMethod

-keep public class * {
    public protected *;
}
-assumenosideeffects class android.util.Log {
    public static *** d(...);
    public static *** e(...);
    public static *** i(...);
    public static *** v(...);
}

###-keepclassmembernames class * {
###    java.lang.Class class$(java.lang.String);
###    java.lang.Class class$(java.lang.String, boolean);
###}


-keep public class * extends android.view.View {
    public <init>(android.content.Context);
    public <init>(android.content.Context, android.util.AttributeSet);
    public <init>(android.content.Context, android.util.AttributeSet, int);
    public void set*(...);
}

# IMPORTANT!!! Otherwise it does not find the classes and you get a nullpointerexception !!!
-keep class eu.thecoder4.gpl.pleftdroid.json.** { *; }
###-keep class com.google.gson.** { *; }


-keepclasseswithmember class * {
    native <methods>;
}

-keepclasseswithmember class * {
    public <init>(android.content.Context, android.util.AttributeSet);
}

-keepclasseswithmember class * {
    public <init>(android.content.Context, android.util.AttributeSet, int);
}

-keepclassmembers enum * {
    public static **[] values();
    public static ** valueOf(java.lang.String);
}

-keepclassmembers class * implements java.io.Serializable {
    static final long serialVersionUID;
    private static final java.io.ObjectStreamField[] serialPersistentFields;
    private void writeObject(java.io.ObjectOutputStream);
    private void readObject(java.io.ObjectInputStream);
    java.lang.Object writeReplace();
    java.lang.Object readResolve();
}

-keep class * implements android.os.Parcelable {
  public static final android.os.Parcelable$Creator *;
}