proguard/mapping.txt
com.google.gson.JsonParser -> com.google.gson.JsonParser:
    44:44:com.google.gson.JsonElement parse(java.lang.String) -> parse
    57:68:com.google.gson.JsonElement parse(java.io.Reader) -> parse
    80:94:com.google.gson.JsonElement parse(com.google.gson.stream.JsonReader) -> parse
com.google.gson.JsonPrimitive -> com.google.gson.JsonPrimitive:
    java.lang.Class[] PRIMITIVE_TYPES -> a
    java.math.BigInteger INTEGER_MAX -> b
    java.math.BigInteger LONG_MAX -> c
    java.lang.Object value -> d
    91:101:void setValue(java.lang.Object) -> a
    109:109:boolean isBoolean() -> isBoolean
    129:129:boolean getAsBoolean() -> getAsBoolean
    138:138:boolean isNumber() -> isNumber
    149:149:java.lang.Number getAsNumber() -> getAsNumber
    154:165:java.lang.Number stringToNumber(java.lang.String) -> a
    175:175:boolean isString() -> isString
    185:190:java.lang.String getAsString() -> getAsString
    202:202:double getAsDouble() -> getAsDouble
    213:213:java.math.BigDecimal getAsBigDecimal() -> getAsBigDecimal
    224:224:java.math.BigInteger getAsBigInteger() -> getAsBigInteger
    235:235:float getAsFloat() -> getAsFloat
    246:246:long getAsLong() -> getAsLong
    257:257:short getAsShort() -> getAsShort
    268:268:int getAsInt() -> getAsInt
    273:273:byte getAsByte() -> getAsByte
    278:278:char getAsCharacter() -> getAsCharacter
    288:297:java.lang.Object getAsObject() -> a
    302:309:void toString(java.lang.Appendable,com.google.gson.Escaper) -> toString
    327:339:int hashCode() -> hashCode
    344:364:boolean equals(java.lang.Object) -> equals
    372:377:boolean isIntegral(com.google.gson.JsonPrimitive) -> a
    384:388:boolean isFloatingPoint(com.google.gson.JsonPrimitive) -> b
com.google.gson.JsonSerializationContext -> com.google.gson.JsonSerializationContext:
    com.google.gson.JsonElement serialize(java.lang.Object) -> serialize
    com.google.gson.JsonElement serialize(java.lang.Object,java.lang.reflect.Type) -> serialize
com.google.gson.JsonSerializationContextDefault -> com.google.gson.v:
    com.google.gson.ObjectNavigator objectNavigator -> a
    com.google.gson.FieldNamingStrategy2 fieldNamingPolicy -> b
    com.google.gson.ParameterizedTypeHandlerMap serializers -> c
    boolean serializeNulls -> d
    com.google.gson.MemoryRefStack ancestors -> e
    46:49:com.google.gson.JsonElement serialize(java.lang.Object) -> serialize
    53:53:com.google.gson.JsonElement serialize(java.lang.Object,java.lang.reflect.Type) -> serialize
    57:63:com.google.gson.JsonElement serialize(java.lang.Object,java.lang.reflect.Type,boolean) -> a